
; start exploration

; memory: 18 MB

; idx_searches: 6

; exploration_depth: 16

; end exploration

; start exploration

; memory: 33 MB

; idx_searches: 2

; exploration_depth: 10

; end exploration

; start exploration

; memory: 51 MB

; idx_searches: 1

; exploration_depth: 6

; end exploration

; start exploration

; memory: 68 MB

; idx_searches: 1

; exploration_depth: 3

; end exploration

; start exploration

; memory: 18 MB

; idx_searches: 6

; exploration_depth: 16

; end exploration

; start exploration

; memory: 33 MB

; idx_searches: 2

; exploration_depth: 10

; end exploration

; start exploration

; memory: 51 MB

; idx_searches: 1

; exploration_depth: 6

; end exploration

; start exploration

; memory: 68 MB

; idx_searches: 1

; exploration_depth: 3

; end exploration

; start exploration

; memory: 18 MB

; idx_searches: 6

; exploration_depth: 16

; end exploration

; start exploration

; memory: 33 MB

; idx_searches: 2

; exploration_depth: 10

; end exploration

; start exploration

; memory: 51 MB

; idx_searches: 1

; exploration_depth: 6

; end exploration

; start exploration

; memory: 68 MB

; idx_searches: 1

; exploration_depth: 3

; end exploration

; start check

; memory: 18 MB

; idx_searches: 12

; exploration_depth: 15

; end exploration

; start exploration

; memory: 35 MB

; idx_searches: 6

; exploration_depth: 16

; end exploration

; start exploration

; memory: 33 MB

; idx_searches: 2

; exploration_depth: 10

; end exploration

; start exploration

; memory: 35 MB

; idx_searches: 1

; exploration_depth: 6

; end exploration

; start exploration

; memory: 35 MB

; idx_searches: 1

; exploration_depth: 3

; end exploration

; start check

; memory: 35 MB

; idx_searches: 7

; exploration_depth: 13

; end exploration

; start check

; idx_searches: 12

; exploration_depth: 17

; end exploration

; start Enum

; idx_searches: 6

; exploration_depth: 14

; end exploration

; start Enum

; idx_searches: 6

; exploration_depth: 18

; end exploration

; start Enum

; idx_searches: 1

; exploration_depth: 5

; end exploration

; start Enum

; idx_searches: 1

; exploration_depth: 3

; end exploration

; start check

; idx_searches: 7

; exploration_depth: 13

; end exploration

; start check

; memory: 18 MB

; idx_searches: 12

; exploration_depth: 15

; end exploration

; start exploration

; memory: 35 MB

; idx_searches: 6

; exploration_depth: 16

; end exploration

; start exploration

; memory: 33 MB

; idx_searches: 2

; exploration_depth: 10

; end exploration

; start exploration

; memory: 51 MB

; idx_searches: 1

; exploration_depth: 6

; end exploration

; start exploration

; memory: 68 MB

; idx_searches: 1

; exploration_depth: 3

; end exploration

; start check

; memory: 85 MB

; idx_searches: 7

; exploration_depth: 13

; end exploration

; start check

; idx_searches: 12

; exploration_depth: 17

; end exploration

; start Enum

; idx_searches: 6

; exploration_depth: 14

; end exploration

; start Enum

; idx_searches: 6

; exploration_depth: 18

; end exploration

; start Enum

; idx_searches: 1

; exploration_depth: 5

; end exploration

; start Enum

; idx_searches: 1

; exploration_depth: 3

; end exploration

; start check

; idx_searches: 7

; exploration_depth: 13

; end exploration

; start check

; memory: 18 MB

; idx_searches: 12

; exploration_depth: 15

; end exploration

; start exploration

; memory: 35 MB

; idx_searches: 6

; exploration_depth: 16

; end exploration

; start exploration

; memory: 49 MB

; idx_searches: 2

; exploration_depth: 10

; end exploration

; start exploration

; memory: 52 MB

; idx_searches: 1

; exploration_depth: 6

; end exploration

; start exploration

; memory: 68 MB

; idx_searches: 1

; exploration_depth: 3

; end exploration

; start check

; memory: 85 MB

; idx_searches: 7

; exploration_depth: 13

; end exploration

; start check

; idx_searches: 12

; exploration_depth: 17

; end exploration

; start Enum

; idx_searches: 6

; exploration_depth: 14

; end exploration

; start Enum

; idx_searches: 6

; exploration_depth: 18

; end exploration

; start Enum

; idx_searches: 1

; exploration_depth: 5

; end exploration

; start Enum

; idx_searches: 1

; exploration_depth: 3

; end exploration

; start check

; idx_searches: 7

; exploration_depth: 13

; end exploration
